Using pre-set license
Built from '2021.3/staging' branch; Version is '2021.3.5f1 (40eb3a945986) revision 4254522'; Using compiler version '192829333'; Build Type 'Release'
OS: 'Windows 10  (10.0.19044) 64bit Core' Language: 'en' Physical Memory: 7577 MB
BatchMode: 1, IsHumanControllingUs: 0, StartBugReporterOnCrash: 0, Is64bit: 1, IsPro: 1

COMMAND LINE ARGUMENTS:
D:\Proyectos\Unity\2021.3.5f1\Editor\Unity.exe
-adb2
-batchMode
-noUpm
-name
AssetImportWorker0
-projectPath
C:/Users/ian2a/Desktop/Proyectos/MFGJ2/MFGJ/MFGJ
-logFile
Logs/AssetImportWorker0.log
-srvPort
51436
Successfully changed project path to: C:/Users/ian2a/Desktop/Proyectos/MFGJ2/MFGJ/MFGJ
C:/Users/ian2a/Desktop/Proyectos/MFGJ2/MFGJ/MFGJ
[UnityMemory] Configuration Parameters - Can be set up in boot.config
    "memorysetup-bucket-allocator-granularity=16"
    "memorysetup-bucket-allocator-bucket-count=8"
    "memorysetup-bucket-allocator-block-size=33554432"
    "memorysetup-bucket-allocator-block-count=8"
    "memorysetup-main-allocator-block-size=16777216"
    "memorysetup-thread-allocator-block-size=16777216"
    "memorysetup-gfx-main-allocator-block-size=16777216"
    "memorysetup-gfx-thread-allocator-block-size=16777216"
    "memorysetup-cache-allocator-block-size=4194304"
    "memorysetup-typetree-allocator-block-size=2097152"
    "memorysetup-profiler-bucket-allocator-granularity=16"
    "memorysetup-profiler-bucket-allocator-bucket-count=8"
    "memorysetup-profiler-bucket-allocator-block-size=33554432"
    "memorysetup-profiler-bucket-allocator-block-count=8"
    "memorysetup-profiler-allocator-block-size=16777216"
    "memorysetup-profiler-editor-allocator-block-size=1048576"
    "memorysetup-temp-allocator-size-main=16777216"
    "memorysetup-job-temp-allocator-block-size=2097152"
    "memorysetup-job-temp-allocator-block-size-background=1048576"
    "memorysetup-job-temp-allocator-reduction-small-platforms=262144"
    "memorysetup-temp-allocator-size-background-worker=32768"
    "memorysetup-temp-allocator-size-job-worker=262144"
    "memorysetup-temp-allocator-size-preload-manager=33554432"
    "memorysetup-temp-allocator-size-nav-mesh-worker=65536"
    "memorysetup-temp-allocator-size-audio-worker=65536"
    "memorysetup-temp-allocator-size-cloud-worker=32768"
    "memorysetup-temp-allocator-size-gi-baking-worker=262144"
    "memorysetup-temp-allocator-size-gfx=262144"
Refreshing native plugins compatible for Editor in 181.32 ms, found 3 plugins.
Preloading 0 native plugins for Editor in 0.00 ms.
Initialize engine version: 2021.3.5f1 (40eb3a945986)
[Subsystems] Discovering subsystems at path D:/Proyectos/Unity/2021.3.5f1/Editor/Data/Resources/UnitySubsystems
[Subsystems] Discovering subsystems at path C:/Users/ian2a/Desktop/Proyectos/MFGJ2/MFGJ/MFGJ/Assets
GfxDevice: creating device client; threaded=0; jobified=0
Direct3D:
    Version:  Direct3D 11.0 [level 11.1]
    Renderer: NVIDIA GeForce MX450 (ID=0x1f9c)
    Vendor:   NVIDIA
    VRAM:     1928 MB
    Driver:   31.0.15.1659
Initialize mono
Mono path[0] = 'D:/Proyectos/Unity/2021.3.5f1/Editor/Data/Managed'
Mono path[1] = 'D:/Proyectos/Unity/2021.3.5f1/Editor/Data/MonoBleedingEdge/lib/mono/unityjit-win32'
Mono config path = 'D:/Proyectos/Unity/2021.3.5f1/Editor/Data/MonoBleedingEdge/etc'
Using monoOptions --debugger-agent=transport=dt_socket,embedding=1,server=y,suspend=n,address=127.0.0.1:56476
Begin MonoManager ReloadAssembly
Registering precompiled unity dll's ...
Register platform support module: D:/Proyectos/Unity/2021.3.5f1/Editor/Data/PlaybackEngines/WindowsStandaloneSupport/UnityEditor.WindowsStandalone.Extensions.dll
Registered in 0.006462 seconds.
Native extension for WindowsStandalone target not found
Refreshing native plugins compatible for Editor in 78.58 ms, found 3 plugins.
Preloading 0 native plugins for Editor in 0.00 ms.
Mono: successfully reloaded assembly
- Completed reload, in  1.171 seconds
Domain Reload Profiling:
	ReloadAssembly (1173ms)
		BeginReloadAssembly (388ms)
			ExecutionOrderSort (0ms)
			DisableScriptedObjects (0ms)
			BackupInstance (0ms)
			ReleaseScriptingObjects (0ms)
			CreateAndSetChildDomain (3ms)
		EndReloadAssembly (629ms)
			LoadAssemblies (383ms)
			RebuildTransferFunctionScriptingTraits (2ms)
			SetupTypeCache (151ms)
			ReleaseScriptCaches (0ms)
			RebuildScriptCaches (38ms)
			SetupLoadedEditorAssemblies (365ms)
				LogAssemblyErrors (0ms)
				InitializePlatformSupportModulesInManaged (14ms)
				SetLoadedEditorAssemblies (0ms)
				RefreshPlugins (79ms)
				BeforeProcessingInitializeOnLoad (3ms)
				ProcessInitializeOnLoadAttributes (194ms)
				ProcessInitializeOnLoadMethodAttributes (74ms)
				AfterProcessingInitializeOnLoad (0ms)
				EditorAssembliesLoaded (0ms)
			ExecutionOrderSort2 (0ms)
			AwakeInstancesAfterBackupRestoration (0ms)
Platform modules already initialized, skipping
Registering precompiled user dll's ...
Registered in 0.024960 seconds.
Begin MonoManager ReloadAssembly
Native extension for WindowsStandalone target not found
Refreshing native plugins compatible for Editor in 52.60 ms, found 3 plugins.
Preloading 0 native plugins for Editor in 0.00 ms.
Mono: successfully reloaded assembly
- Completed reload, in  1.473 seconds
Domain Reload Profiling:
	ReloadAssembly (1474ms)
		BeginReloadAssembly (168ms)
			ExecutionOrderSort (0ms)
			DisableScriptedObjects (7ms)
			BackupInstance (0ms)
			ReleaseScriptingObjects (0ms)
			CreateAndSetChildDomain (27ms)
		EndReloadAssembly (1144ms)
			LoadAssemblies (202ms)
			RebuildTransferFunctionScriptingTraits (0ms)
			SetupTypeCache (299ms)
			ReleaseScriptCaches (1ms)
			RebuildScriptCaches (63ms)
			SetupLoadedEditorAssemblies (532ms)
				LogAssemblyErrors (0ms)
				InitializePlatformSupportModulesInManaged (4ms)
				SetLoadedEditorAssemblies (0ms)
				RefreshPlugins (53ms)
				BeforeProcessingInitializeOnLoad (93ms)
				ProcessInitializeOnLoadAttributes (311ms)
				ProcessInitializeOnLoadMethodAttributes (67ms)
				AfterProcessingInitializeOnLoad (4ms)
				EditorAssembliesLoaded (0ms)
			ExecutionOrderSort2 (0ms)
			AwakeInstancesAfterBackupRestoration (10ms)
Platform modules already initialized, skipping
========================================================================
Worker process is ready to serve import requests
Launched and connected shader compiler UnityShaderCompiler.exe after 0.25 seconds
Refreshing native plugins compatible for Editor in 0.98 ms, found 3 plugins.
Preloading 0 native plugins for Editor in 0.00 ms.
Unloading 2468 Unused Serialized files (Serialized files now loaded: 0)
Unloading 33 unused Assets / (55.3 KB). Loaded Objects now: 2928.
Memory consumption went from 109.1 MB to 109.1 MB.
Total: 7.054200 ms (FindLiveObjects: 0.369600 ms CreateObjectMapping: 0.106100 ms MarkObjects: 6.405000 ms  DeleteObjects: 0.170700 ms)

AssetImportParameters requested are different than current active one (requested -> active):
  custom:video-decoder-ogg-theora: a1e56fd34408186e4bbccfd4996cb3dc -> 
  custom:container-muxer-webm: aa71ff27fc2769a1b78a27578f13a17b -> 
  custom:container-demuxer-webm: 4f35f7cbe854078d1ac9338744f61a02 -> 
  custom:video-encoder-webm-vp8: eb34c28f22e8b96e1ab97ce403110664 -> 
  custom:audio-encoder-webm-vorbis: bf7c407c2cedff20999df2af8eb42d56 -> 
  custom:framework-win-MediaFoundation: 216162199b28c13a410421893ffa2e32 -> 
  custom:container-demuxer-ogg: 62fdf1f143b41e24485cea50d1cbac27 -> 
  custom:video-decoder-webm-vp8: 9c59270c3fd7afecdb556c50c9e8de78 -> 
  custom:audio-decoder-ogg-vorbis: bf7c407c2cedff20999df2af8eb42d56 -> 
========================================================================
Received Import Request.
  Time since last request: 481495.380758 seconds.
  path: Assets/Sprites/blocks_orbs_assets.png
  artifactKey: Guid(07787aff196aab94981834d71a9ee766) Importer(815301076,1909f56bfc062723c751e8b465ee728b)
Start importing Assets/Sprites/blocks_orbs_assets.png using Guid(07787aff196aab94981834d71a9ee766) Importer(815301076,1909f56bfc062723c751e8b465ee728b)  -> (artifact id: '281d9337a0f1c39027ab377ab5d0149b') in 0.814013 seconds 
========================================================================
Received Import Request.
  Time since last request: 0.000044 seconds.
  path: Assets/Sprites
  artifactKey: Guid(ad416379524a9b147b7da5451c0f8c62) Importer(815301076,1909f56bfc062723c751e8b465ee728b)
Start importing Assets/Sprites using Guid(ad416379524a9b147b7da5451c0f8c62) Importer(815301076,1909f56bfc062723c751e8b465ee728b)  -> (artifact id: 'f8a8cb3bab5f289071533d70c06e4ed2') in 0.015536 seconds 
========================================================================
Received Import Request.
  Time since last request: 15.348950 seconds.
  path: Assets/Animations/Wind Orb_Animation.png
  artifactKey: Guid(b340a59d7c2a312489d89c5e39422a2b) Importer(815301076,1909f56bfc062723c751e8b465ee728b)
Start importing Assets/Animations/Wind Orb_Animation.png using Guid(b340a59d7c2a312489d89c5e39422a2b) Importer(815301076,1909f56bfc062723c751e8b465ee728b)  -> (artifact id: '56ca9c88fc2d492d9a9ed1a27207b3e6') in 0.098452 seconds 
========================================================================
Received Import Request.
  Time since last request: 14.399600 seconds.
  path: Assets/Prefabs/AirBall.prefab
  artifactKey: Guid(42e074241d06dc54f9f8b1b3b909a52f) Importer(815301076,1909f56bfc062723c751e8b465ee728b)
Start importing Assets/Prefabs/AirBall.prefab using Guid(42e074241d06dc54f9f8b1b3b909a52f) Importer(815301076,1909f56bfc062723c751e8b465ee728b)  -> (artifact id: '4d5abbcbfbb0f18255fe038299b821d3') in 0.142787 seconds 
========================================================================
Received Import Request.
  Time since last request: 0.000026 seconds.
  path: Assets/Prefabs/Block.prefab
  artifactKey: Guid(a906c6131eea0634ab4f747c8c1cc036) Importer(815301076,1909f56bfc062723c751e8b465ee728b)
Start importing Assets/Prefabs/Block.prefab using Guid(a906c6131eea0634ab4f747c8c1cc036) Importer(815301076,1909f56bfc062723c751e8b465ee728b)  -> (artifact id: '06362c4bee1ff47f3aee6869193adc0e') in 0.050958 seconds 
========================================================================
Received Import Request.
  Time since last request: 0.000034 seconds.
  path: Assets/Prefabs/Spawner.prefab
  artifactKey: Guid(a790ba0cd75c97448a552a67f6614069) Importer(815301076,1909f56bfc062723c751e8b465ee728b)
Start importing Assets/Prefabs/Spawner.prefab using Guid(a790ba0cd75c97448a552a67f6614069) Importer(815301076,1909f56bfc062723c751e8b465ee728b)  -> (artifact id: '71ec714ead78898296e99570e18d5090') in 0.019623 seconds 
========================================================================
Received Import Request.
  Time since last request: 0.000052 seconds.
  path: Assets/Prefabs/WaterBall.prefab
  artifactKey: Guid(d6e0b5bc8adf18548bb9c439e3a460e5) Importer(815301076,1909f56bfc062723c751e8b465ee728b)
Start importing Assets/Prefabs/WaterBall.prefab using Guid(d6e0b5bc8adf18548bb9c439e3a460e5) Importer(815301076,1909f56bfc062723c751e8b465ee728b)  -> (artifact id: '182a5c8aa0671a9b9bf4c3dd42ce303b') in 0.058651 seconds 
